2022-02-03 04:19:40 [scrapy] DEBUG: Crawled (200) <GET https://www.lendingtree.com/robots.txt> (referer: None)
2022-02-03 04:19:40 [scrapy] DEBUG: Crawled (200) <GET https://www.lendingtree.com/reviews/mortgage/silver-fin-capital-group/37405089> (referer: None)
2022-02-03 04:19:41 [scrapy] ERROR: Spider error processing <GET https://www.lendingtree.com/reviews/mortgage/silver-fin-capital-group/37405089> (referer: None)
Traceback (most recent call last):
  File "/opt/homebrew/lib/python3.9/site-packages/scrapy/utils/defer.py", line 120, in iter_errback
    yield next(it)
  File "/opt/homebrew/lib/python3.9/site-packages/scrapy/utils/python.py", line 353, in __next__
    return next(self.data)
  File "/opt/homebrew/lib/python3.9/site-packages/scrapy/utils/python.py", line 353, in __next__
    return next(self.data)
  File "/opt/homebrew/lib/python3.9/site-packages/scrapy/core/spidermw.py", line 56, in _evaluate_iterable
    for r in iterable:
  File "/opt/homebrew/lib/python3.9/site-packages/scrapy/spidermiddlewares/offsite.py", line 29, in process_spider_output
    for x in result:
  File "/opt/homebrew/lib/python3.9/site-packages/scrapy/core/spidermw.py", line 56, in _evaluate_iterable
    for r in iterable:
  File "/opt/homebrew/lib/python3.9/site-packages/scrapy/spidermiddlewares/referer.py", line 342, in <genexpr>
    return (_set_referer(r) for r in result or ())
  File "/opt/homebrew/lib/python3.9/site-packages/scrapy/core/spidermw.py", line 56, in _evaluate_iterable
    for r in iterable:
  File "/opt/homebrew/lib/python3.9/site-packages/scrapy/spidermiddlewares/urllength.py", line 40, in <genexpr>
    return (r for r in result or () if _filter(r))
  File "/opt/homebrew/lib/python3.9/site-packages/scrapy/core/spidermw.py", line 56, in _evaluate_iterable
    for r in iterable:
  File "/opt/homebrew/lib/python3.9/site-packages/scrapy/spidermiddlewares/depth.py", line 58, in <genexpr>
    return (r for r in result or () if _filter(r))
  File "/opt/homebrew/lib/python3.9/site-packages/scrapy/core/spidermw.py", line 56, in _evaluate_iterable
    for r in iterable:
  File "/Users/williamle/Programming/Python/lendingtree/lendingtree/lendingtree/spiders/lending_spider.py", line 30, in parse
    driver = response.meta['driver']
KeyError: 'driver'
2022-02-03 04:19:41 [scrapy] INFO: Closing spider (finished)
2022-02-03 04:19:41 [scrapy] INFO: Dumping Scrapy stats:
{'downloader/request_bytes': 661,
 'downloader/request_count': 2,
 'downloader/request_method_count/GET': 2,
 'downloader/response_bytes': 37775,
 'downloader/response_count': 2,
 'downloader/response_status_count/200': 2,
 'elapsed_time_seconds': 0.38944,
 'finish_reason': 'finished',
 'finish_time': datetime.datetime(2022, 2, 3, 12, 19, 41, 72639),
 'httpcompression/response_bytes': 273891,
 'httpcompression/response_count': 2,
 'log_count/DEBUG': 9,
 'log_count/ERROR': 1,
 'log_count/INFO': 7,
 'memusage/max': 64847872,
 'memusage/startup': 64847872,
 'response_received_count': 2,
 'robotstxt/request_count': 1,
 'robotstxt/response_count': 1,
 'robotstxt/response_status_count/200': 1,
 'scheduler/dequeued': 1,
 'scheduler/dequeued/memory': 1,
 'scheduler/enqueued': 1,
 'scheduler/enqueued/memory': 1,
 'spider_exceptions/KeyError': 1,
 'start_time': datetime.datetime(2022, 2, 3, 12, 19, 40, 683199)}
2022-02-03 04:19:41 [scrapy] INFO: Spider closed (finished)
