2022-02-03 09:01:28 [scrapy] DEBUG: Crawled (200) <GET https://www.lendingtree.com/robots.txt> (referer: None)
2022-02-03 09:01:28 [scrapy] DEBUG: Crawled (200) <GET https://www.lendingtree.com/reviews/personal/first-midwest-bank/52903183> (referer: None)
2022-02-03 09:01:28 [scrapy] DEBUG: Scraped from <200 https://www.lendingtree.com/reviews/personal/first-midwest-bank/52903183>
{'title': 'Fast, easy and the loan parameters I was looking for.', 'content': "I've taken out a few personal loans over the years and this experience was surprisingly straightforward and quickly handled.  I started my application with a representative over the phone, which was followed the next day by an approval notice and brief conversation to go over the details with the loan officer.  I electronically signed the docs from a link in my email.  I got the funds directly deposited the next day.  Great interest rate, no pre-pay penalty, direct deposit setup out of the gate.  Couldn't be happier. ", 'author': 'Chris', 'star_rating': '(5 of 5)', 'date_of_review': 'Reviewed in February 2022'}
2022-02-03 09:01:28 [scrapy] DEBUG: Scraped from <200 https://www.lendingtree.com/reviews/personal/first-midwest-bank/52903183>
{'title': 'Misleading information', 'content': "Was sent an email saying that my application had made it through the first process and everything was looking good. Only later to receive an email saying to call which I did only to get denied. I am a straight up person when it comes to doing business and don't appreciate this kind of treatment. Will look elsewhere!", 'author': 'Charles', 'star_rating': '(1 of 5)', 'date_of_review': 'Reviewed in February 2022'}
2022-02-03 09:01:28 [scrapy] DEBUG: Scraped from <200 https://www.lendingtree.com/reviews/personal/first-midwest-bank/52903183>
{'title': 'It was a great experience!', 'content': 'It was very easy to work with them!  I work during the day so it is hard to have enough time to get a loan done but this was much easier.  ', 'author': 'Melody', 'star_rating': '(5 of 5)', 'date_of_review': 'Reviewed in February 2022'}
2022-02-03 09:01:28 [scrapy] DEBUG: Scraped from <200 https://www.lendingtree.com/reviews/personal/first-midwest-bank/52903183>
{'title': 'Excellent Experience ', 'content': 'This had to be the quickest, easiest abs most pain free loan application abs approval I have ever done! Very impressed. ', 'author': 'Sara', 'star_rating': '(5 of 5)', 'date_of_review': 'Reviewed in February 2022'}
2022-02-03 09:01:28 [scrapy] DEBUG: Scraped from <200 https://www.lendingtree.com/reviews/personal/first-midwest-bank/52903183>
{'title': 'It was a great experience', 'content': 'Very quick very smooth and very nice. MJ was very attentive to my questions and was very available with email and phone calls.', 'author': 'Kathy', 'star_rating': '(5 of 5)', 'date_of_review': 'Reviewed in January 2022'}
2022-02-03 09:01:28 [scrapy] DEBUG: Scraped from <200 https://www.lendingtree.com/reviews/personal/first-midwest-bank/52903183>
{'title': 'Great Experience ', 'content': 'Carmen was awesome, highly recommend!!!! Hassle free straight to the point and no bull. Awesome Experience and great rates 5⭐️⭐️⭐️⭐️⭐️', 'author': 'Lori', 'star_rating': '(5 of 5)', 'date_of_review': 'Reviewed in January 2022'}
2022-02-03 09:01:28 [scrapy] DEBUG: Scraped from <200 https://www.lendingtree.com/reviews/personal/first-midwest-bank/52903183>
{'title': 'Great service', 'content': 'First Midwest back offers good rates, the loan officers were quick to reply. Closing super fast and smooth. A  service', 'author': 'Martin', 'star_rating': '(5 of 5)', 'date_of_review': 'Reviewed in January 2022'}
2022-02-03 09:01:28 [scrapy] DEBUG: Scraped from <200 https://www.lendingtree.com/reviews/personal/first-midwest-bank/52903183>
{'title': 'Excellent service!', 'content': 'Jasmine was outstanding to deal with. Very professional and welcoming. This is a great outfit, do not hesitate to reach out to them!', 'author': 'Kevin', 'star_rating': '(5 of 5)', 'date_of_review': 'Reviewed in January 2022'}
2022-02-03 09:01:28 [scrapy] DEBUG: Scraped from <200 https://www.lendingtree.com/reviews/personal/first-midwest-bank/52903183>
{'title': 'Excellent Service', 'content': 'I was impressed with the quoted APR for my loan after looking at several offers. Thanks Marcela for your help and professionalism.', 'author': 'Ronald', 'star_rating': '(5 of 5)', 'date_of_review': 'Reviewed in January 2022'}
2022-02-03 09:01:28 [scrapy] DEBUG: Scraped from <200 https://www.lendingtree.com/reviews/personal/first-midwest-bank/52903183>
{'title': 'Great experience ', 'content': 'I had a really great experience with First Midwest.  They made everything seamless and easy to understand. I would definitely suggest using them for anyone in the market for a personal loan.', 'author': 'Jim', 'star_rating': '(5 of 5)', 'date_of_review': 'Reviewed in January 2022'}
2022-02-03 09:01:31 [scrapy] DEBUG: Crawled (200) <GET https://www.lendingtree.com/reviews/personal/first-midwest-bank/52903183?sort=&pid=2> (referer: https://www.lendingtree.com/reviews/personal/first-midwest-bank/52903183)
2022-02-03 09:01:31 [scrapy] DEBUG: Scraped from <200 https://www.lendingtree.com/reviews/personal/first-midwest-bank/52903183?sort=&pid=2>
{'title': 'Phenomenal service and understanding ', 'content': 'The experience was one of the least stressful things I’ve done involving money and loans.  Exact numbers were expected from me to make the loan as close as possible for the out come people search for in debt consolidation.  Morgan was exceptionally helpful and patient in serving my family and I the way one would anticipate.  I’m very grateful and humbled by this experience!!!!! Thank you Morgan!! And thank you Midwest!!!', 'author': 'Paul', 'star_rating': '(5 of 5)', 'date_of_review': 'Reviewed in January 2022'}
2022-02-03 09:01:31 [scrapy] DEBUG: Scraped from <200 https://www.lendingtree.com/reviews/personal/first-midwest-bank/52903183?sort=&pid=2>
{'title': 'It was a good experience ', 'content': 'Best rates on lending tree! I looked for months for someone to loan me the cash I needed to help remodel my home. Morgan got me the best rate and it wasn’t even close. ', 'author': 'Brent', 'star_rating': '(5 of 5)', 'date_of_review': 'Reviewed in January 2022'}
2022-02-03 09:01:31 [scrapy] DEBUG: Scraped from <200 https://www.lendingtree.com/reviews/personal/first-midwest-bank/52903183?sort=&pid=2>
{'title': 'It was very good  , once the ball started to roll it went well ', 'content': 'It was very easy to get 1 on1 contact  , no waiting  , everyone was very helpful  . I was always able to get feedback and loan status and was well informed of needed data to continue on with the process. ', 'author': 'Larry', 'star_rating': '(5 of 5)', 'date_of_review': 'Reviewed in January 2022'}
2022-02-03 09:01:31 [scrapy] DEBUG: Scraped from <200 https://www.lendingtree.com/reviews/personal/first-midwest-bank/52903183?sort=&pid=2>
{'title': 'Fast and easy', 'content': 'Patrick got my loan secured in about a day, paper work/process was set up nicely, Fast and easy, would definitely use them again.  ', 'author': 'Jeff', 'star_rating': '(5 of 5)', 'date_of_review': 'Reviewed in January 2022'}
2022-02-03 09:01:31 [scrapy] DEBUG: Scraped from <200 https://www.lendingtree.com/reviews/personal/first-midwest-bank/52903183?sort=&pid=2>
{'title': 'It was a pleasant experience.', 'content': 'The entire process was very easy, and the people were very helpful. I will be happy to use them again if the need arises.', 'author': 'Kevin', 'star_rating': '(5 of 5)', 'date_of_review': 'Reviewed in January 2022'}
2022-02-03 09:01:31 [scrapy] DEBUG: Scraped from <200 https://www.lendingtree.com/reviews/personal/first-midwest-bank/52903183?sort=&pid=2>
{'title': 'Friendly, easy to deal with, great rate. ', 'content': '4-5 days from application to direct deposit.  The process was easy and stress free.  The rep we spoke with from First Midwest Bank was friendly, kind and easy to deal with. I like how quick the process was and how we were provided so much information without asking.  ', 'author': 'Kayla', 'star_rating': '(5 of 5)', 'date_of_review': 'Reviewed in January 2022'}
2022-02-03 09:01:31 [scrapy] DEBUG: Scraped from <200 https://www.lendingtree.com/reviews/personal/first-midwest-bank/52903183?sort=&pid=2>
{'title': 'Great experience', 'content': 'Super easy and super fast. They explained everything and which was the best way to go. The rate was great and perfect loan for what I needed. ', 'author': 'Santina', 'star_rating': '(5 of 5)', 'date_of_review': 'Reviewed in January 2022'}
2022-02-03 09:01:31 [scrapy] DEBUG: Scraped from <200 https://www.lendingtree.com/reviews/personal/first-midwest-bank/52903183?sort=&pid=2>
{'title': 'Very informative and helpful ', 'content': 'Explained everything very well. Friendly too. Belen was a joy to work with. Very helpful with all my questions.', 'author': 'DougMills', 'star_rating': '(5 of 5)', 'date_of_review': 'Reviewed in January 2022'}
2022-02-03 09:01:31 [scrapy] DEBUG: Scraped from <200 https://www.lendingtree.com/reviews/personal/first-midwest-bank/52903183?sort=&pid=2>
{'title': 'It was a good experience ', 'content': 'Process was quick and easy. My loan officer stayed in contact with me thru the whole process to insure that I was able to provide everything they needed to complete the finalization for my loan', 'author': 'Bonnie', 'star_rating': '(5 of 5)', 'date_of_review': 'Reviewed in January 2022'}
2022-02-03 09:01:31 [scrapy] DEBUG: Scraped from <200 https://www.lendingtree.com/reviews/personal/first-midwest-bank/52903183?sort=&pid=2>
{'title': 'Great rates!', 'content': 'Very happy with First Midwest Bank, they gave me a great rate and were very fast and easy to work with', 'author': 'Evan', 'star_rating': '(5 of 5)', 'date_of_review': 'Reviewed in January 2022'}
2022-02-03 09:01:33 [scrapy] DEBUG: Crawled (200) <GET https://www.lendingtree.com/reviews/personal/first-midwest-bank/52903183?sort=&pid=3> (referer: https://www.lendingtree.com/reviews/personal/first-midwest-bank/52903183?sort=&pid=2)
2022-02-03 09:01:33 [scrapy] DEBUG: Scraped from <200 https://www.lendingtree.com/reviews/personal/first-midwest-bank/52903183?sort=&pid=3>
{'title': 'Excellent service and patient staff', 'content': 'The process was difficult on my side. I had problems over many days with getting my paperwork to First Midwest. My loan officer never flinched and patiently worked with me over and over to solve my problem. He saw it to a successful resolution no matter what it took.', 'author': 'John', 'star_rating': '(5 of 5)', 'date_of_review': 'Reviewed in January 2022'}
2022-02-03 09:01:33 [scrapy] DEBUG: Scraped from <200 https://www.lendingtree.com/reviews/personal/first-midwest-bank/52903183?sort=&pid=3>
{'title': 'First Midwest Bank', 'content': 'I had the pleasure of getting a loan with First Midwest Bank. Working with Belen and her team was painless and quick! I highly recommend using First Midwest for your personal loan needs! Great rates and wonderful customer service!', 'author': 'Kylee', 'star_rating': '(5 of 5)', 'date_of_review': 'Reviewed in January 2022'}
2022-02-03 09:01:33 [scrapy] DEBUG: Scraped from <200 https://www.lendingtree.com/reviews/personal/first-midwest-bank/52903183?sort=&pid=3>
{'title': 'Easiest loan process I have ever done.', 'content': 'The process was fast, easy and my account processor was readily available. When I called  she answered every time. I would recommend First Midwest Bank to friends and family.', 'author': 'Darrell', 'star_rating': '(5 of 5)', 'date_of_review': 'Reviewed in January 2022'}
2022-02-03 09:01:33 [scrapy] DEBUG: Scraped from <200 https://www.lendingtree.com/reviews/personal/first-midwest-bank/52903183?sort=&pid=3>
{'title': 'Chrissy is great!', 'content': "Chrissy was well informed, easy to understand, straight to the point and a joy to work with. The process was fast and the paperwork went pretty smoothly. I was a bit sad when the underwriters made a counteroffer, but happily, the difference was slight, and hey! I'll have the loan paid back a year sooner. Hope we can do business again.", 'author': 'Stan', 'star_rating': '(5 of 5)', 'date_of_review': 'Reviewed in January 2022'}
2022-02-03 09:01:33 [scrapy] DEBUG: Scraped from <200 https://www.lendingtree.com/reviews/personal/first-midwest-bank/52903183?sort=&pid=3>
{'title': 'Great Experience', 'content': 'I applied for a home Inprovment loan and got a great rate and terms,Marcela took care of everything  quickly and did not bother me with calls at work ! Great to work with a bank and not a loan company.', 'author': 'Todd', 'star_rating': '(5 of 5)', 'date_of_review': 'Reviewed in January 2022'}
2022-02-03 09:01:33 [scrapy] DEBUG: Scraped from <200 https://www.lendingtree.com/reviews/personal/first-midwest-bank/52903183?sort=&pid=3>
{'title': 'Personal loan', 'content': 'Process went smoothly and Chrissy was such a pleasure to work with. She was awesome. Everything was explained to me and proceeded well. No surprises.. very pleased.', 'author': 'Cynthia', 'star_rating': '(5 of 5)', 'date_of_review': 'Reviewed in January 2022'}
2022-02-03 09:01:33 [scrapy] DEBUG: Scraped from <200 https://www.lendingtree.com/reviews/personal/first-midwest-bank/52903183?sort=&pid=3>
{'title': 'The entire experience was easy, helpful, friendly and rewarding', 'content': 'I use the word rewarding for several reasons.  Chrissy kept in contact with me for a month without badgering me.  She made sure that I understood the terms of a loan from her and she would be available whenever I was ready to go forward.  I research other offers until I was sure First Midwest Bank was the best route for me to go.  I called Chrissy and she made the process very easy and fast.  In the end, I felt I was rewarded with the best loan out there for me.', 'author': 'Judith', 'star_rating': '(5 of 5)', 'date_of_review': 'Reviewed in January 2022'}
2022-02-03 09:01:33 [scrapy] DEBUG: Scraped from <200 https://www.lendingtree.com/reviews/personal/first-midwest-bank/52903183?sort=&pid=3>
{'title': 'It was easy, quick ', 'content': 'Was unbelievably easy to do  thank you for all the help. Chrissy was very informative and helpful. Just a great experience when usually very difficult ', 'author': 'Barry', 'star_rating': '(5 of 5)', 'date_of_review': 'Reviewed in January 2022'}
2022-02-03 09:01:33 [scrapy] DEBUG: Scraped from <200 https://www.lendingtree.com/reviews/personal/first-midwest-bank/52903183?sort=&pid=3>
{'title': 'It was a very streamlined experience', 'content': 'I was in search for a personal loan and applied through Lending Tree online.  First Midwest Bank was among the lenders.  I paused for a few days after my initial inquiry, but Patrick Offerman from First Midwest Bank was one who persisted contact with me.  After a few back and forth conversations and discussion of a good interest rate, I furthered my application with this bank.', 'author': 'Kim', 'star_rating': '(5 of 5)', 'date_of_review': 'Reviewed in January 2022'}
2022-02-03 09:01:33 [scrapy] DEBUG: Scraped from <200 https://www.lendingtree.com/reviews/personal/first-midwest-bank/52903183?sort=&pid=3>
{'title': 'Seamless Efficiency', 'content': 'I was extremely happy with the entire process. The application was simple and to the point; no unnecessary requirements. I had anticipated a burdensome document request. However, to my astonishment, the request was quite limited. I am very pleased with the service I received especially since I am a first-time customer.', 'author': 'Len', 'star_rating': '(5 of 5)', 'date_of_review': 'Reviewed in January 2022'}
2022-02-03 09:01:35 [scrapy] DEBUG: Crawled (200) <GET https://www.lendingtree.com/reviews/personal/first-midwest-bank/52903183?sort=&pid=4> (referer: https://www.lendingtree.com/reviews/personal/first-midwest-bank/52903183?sort=&pid=3)
2022-02-03 09:01:35 [scrapy] DEBUG: Scraped from <200 https://www.lendingtree.com/reviews/personal/first-midwest-bank/52903183?sort=&pid=4>
{'title': 'Fast easy experience', 'content': 'They walked me through everything. ', 'author': 'John', 'star_rating': '(5 of 5)', 'date_of_review': 'Reviewed in January 2022'}
2022-02-03 09:01:35 [scrapy] DEBUG: Scraped from <200 https://www.lendingtree.com/reviews/personal/first-midwest-bank/52903183?sort=&pid=4>
{'title': 'It was quick, easy and no problems. I want to thank Midwest Bank.', 'content': 'I submitted my application and received a conditional approval in less than one full day. After I submitted all of my documents, I received a final approved. Thank you.', 'author': 'Eric', 'star_rating': '(5 of 5)', 'date_of_review': 'Reviewed in January 2022'}
2022-02-03 09:01:35 [scrapy] DEBUG: Scraped from <200 https://www.lendingtree.com/reviews/personal/first-midwest-bank/52903183?sort=&pid=4>
{'title': 'Great Experience', 'content': 'I would like to personally thank Chrissy C., at First Midwest Bank.  She went above and beyond to process my loan in an extremely timely manner.  I would very much recommend First Midwest, great competitive rates and outstanding customer service.', 'author': 'Gary', 'star_rating': '(5 of 5)', 'date_of_review': 'Reviewed in January 2022'}
2022-02-03 09:01:35 [scrapy] DEBUG: Scraped from <200 https://www.lendingtree.com/reviews/personal/first-midwest-bank/52903183?sort=&pid=4>
{'title': 'It was an excellent process.', 'content': 'I was very grateful for the Loan offer from First MidWest Bank. Each person i spoke with was very kind , patient and informative. I felt very secure concerning my personal information. I felt confident and secure in the whole process. First Midwest Bank is a very trustworthy Bank organization and I am truly thankful for them.', 'author': 'Adrienne', 'star_rating': '(5 of 5)', 'date_of_review': 'Reviewed in January 2022'}
2022-02-03 09:01:35 [scrapy] DEBUG: Scraped from <200 https://www.lendingtree.com/reviews/personal/first-midwest-bank/52903183?sort=&pid=4>
{'title': 'Very nice experience', 'content': 'It was great to work with Morgan. She was right on top of everything! Great help, even when I messed up the signing process. Great rat****.will have the money the next day. Thank-you Mogan, and Midwest bank!', 'author': 'Michaelw', 'star_rating': '(5 of 5)', 'date_of_review': 'Reviewed in January 2022'}
2022-02-03 09:01:35 [scrapy] DEBUG: Scraped from <200 https://www.lendingtree.com/reviews/personal/first-midwest-bank/52903183?sort=&pid=4>
{'title': 'This was an amazing experience ', 'content': 'If you get the chance and an offer from', 'author': 'Jessica', 'star_rating': '(5 of 5)', 'date_of_review': 'Reviewed in January 2022'}
2022-02-03 09:01:35 [scrapy] DEBUG: Scraped from <200 https://www.lendingtree.com/reviews/personal/first-midwest-bank/52903183?sort=&pid=4>
{'title': 'It was very fast process.', 'content': 'The entire process was very easy and I enjoyed working with them. Customer service was outstanding. First I thought they may be a scam but when they contact me and update me with next step, i trust them. Excellent rate, fast process, less paper work. I loved it.', 'author': 'AliReza', 'star_rating': '(5 of 5)', 'date_of_review': 'Reviewed in January 2022'}
2022-02-03 09:01:35 [scrapy] DEBUG: Scraped from <200 https://www.lendingtree.com/reviews/personal/first-midwest-bank/52903183?sort=&pid=4>
{'title': 'Very good experience ', 'content': 'The process was quick and professionally accomplished.  It was thoroughly explained and followed. I would definitely use their services again if needed.', 'author': 'Haldon', 'star_rating': '(5 of 5)', 'date_of_review': 'Reviewed in January 2022'}
2022-02-03 09:01:35 [scrapy] DEBUG: Scraped from <200 https://www.lendingtree.com/reviews/personal/first-midwest-bank/52903183?sort=&pid=4>
{'title': 'Fast easy competitive ', 'content': 'They offered great rates and true to their word about the offered rates. The process was very easy to follow. They responded quickly if I had a question. I would definitely recommend them. ', 'author': 'Monica', 'star_rating': '(5 of 5)', 'date_of_review': 'Reviewed in January 2022'}
2022-02-03 09:01:35 [scrapy] DEBUG: Scraped from <200 https://www.lendingtree.com/reviews/personal/first-midwest-bank/52903183?sort=&pid=4>
{'title': 'GREAT EXPERIENCE ', 'content': 'First Midwest Bank has their loan process a simple, easy experience.  Customer service was extremely helpful. I can wholeheartedly recommend this bank.', 'author': 'Pat', 'star_rating': '(5 of 5)', 'date_of_review': 'Reviewed in January 2022'}
2022-02-03 09:01:37 [scrapy] DEBUG: Crawled (200) <GET https://www.lendingtree.com/reviews/personal/first-midwest-bank/52903183?sort=&pid=5> (referer: https://www.lendingtree.com/reviews/personal/first-midwest-bank/52903183?sort=&pid=4)
2022-02-03 09:01:38 [scrapy] DEBUG: Scraped from <200 https://www.lendingtree.com/reviews/personal/first-midwest-bank/52903183?sort=&pid=5>
{'title': 'Great experience', 'content': 'First Midwest Bank responded to all my emails and was very patient with every question I asked and the process was done all on line and only a few phone conversations.', 'author': 'Crystal', 'star_rating': '(5 of 5)', 'date_of_review': 'Reviewed in January 2022'}
2022-02-03 09:01:38 [scrapy] DEBUG: Scraped from <200 https://www.lendingtree.com/reviews/personal/first-midwest-bank/52903183?sort=&pid=5>
{'title': 'Outstanding experience ', 'content': 'The entire process was very smooth. I want to thank Belen Cordova who was my agent. Provided excellent information, got to me right away, answer all my questions and made me feel good taking the loan. Thank you again for the awesome customer service. ', 'author': 'Aaron', 'star_rating': '(5 of 5)', 'date_of_review': 'Reviewed in January 2022'}
2022-02-03 09:01:38 [scrapy] DEBUG: Scraped from <200 https://www.lendingtree.com/reviews/personal/first-midwest-bank/52903183?sort=&pid=5>
{'title': 'Simple, easy', 'content': 'Surprised how courteous, fast and easy my process was.  Would definitely use them again and recommend to anyone. ', 'author': 'Michelle', 'star_rating': '(5 of 5)', 'date_of_review': 'Reviewed in January 2022'}
2022-02-03 09:01:38 [scrapy] DEBUG: Scraped from <200 https://www.lendingtree.com/reviews/personal/first-midwest-bank/52903183?sort=&pid=5>
{'title': 'Great experience', 'content': 'Very professional, polite, and made the process smooth and fast. The application process was submitted and then approved the next morning, and the funds available a day after that.', 'author': 'Tibor', 'star_rating': '(5 of 5)', 'date_of_review': 'Reviewed in January 2022'}
2022-02-03 09:01:38 [scrapy] DEBUG: Scraped from <200 https://www.lendingtree.com/reviews/personal/first-midwest-bank/52903183?sort=&pid=5>
{'title': 'It was a good experience', 'content': 'The entire process was pretty easy I was happy to work with them would get another loan there.  Everyone was polite and very professional', 'author': 'Randy', 'star_rating': '(5 of 5)', 'date_of_review': 'Reviewed in January 2022'}
2022-02-03 09:01:38 [scrapy] DEBUG: Scraped from <200 https://www.lendingtree.com/reviews/personal/first-midwest-bank/52903183?sort=&pid=5>
{'title': 'Professional & Quick Experience', 'content': 'Carmen Gonzalez was wonderful to work with. She replied to all my emails promptly, explained everything really well and made the whole process very easy. I would highly recommend First Midwest Bank to my family and friends.', 'author': 'Margaret', 'star_rating': '(5 of 5)', 'date_of_review': 'Reviewed in January 2022'}
2022-02-03 09:01:38 [scrapy] DEBUG: Scraped from <200 https://www.lendingtree.com/reviews/personal/first-midwest-bank/52903183?sort=&pid=5>
{'title': 'Really good experience', 'content': 'The experience was really good and the people were professional. I would do it again if I had chance.', 'author': 'Eugene', 'star_rating': '(5 of 5)', 'date_of_review': 'Reviewed in January 2022'}
2022-02-03 09:01:38 [scrapy] DEBUG: Scraped from <200 https://www.lendingtree.com/reviews/personal/first-midwest-bank/52903183?sort=&pid=5>
{'title': 'Excellent Service ', 'content': 'The process was quick and easy.  My loan processor was very helpful and kept me informed at all times. Would highly recommend family and friends. ', 'author': 'Cathy', 'star_rating': '(5 of 5)', 'date_of_review': 'Reviewed in January 2022'}
2022-02-03 09:01:38 [scrapy] DEBUG: Scraped from <200 https://www.lendingtree.com/reviews/personal/first-midwest-bank/52903183?sort=&pid=5>
{'title': 'Great experience and great personal service ', 'content': 'I had a great experience with Midwest! My loan process was quick and the service was excellent! I would recommend them to everyone! The loan officers are very professional and handled my loan like I was their only customer. ', 'author': 'John', 'star_rating': '(5 of 5)', 'date_of_review': 'Reviewed in January 2022'}
2022-02-03 09:01:38 [scrapy] DEBUG: Scraped from <200 https://www.lendingtree.com/reviews/personal/first-midwest-bank/52903183?sort=&pid=5>
{'title': 'Amazing Experience! ', 'content': 'Cassie (& her peers) were really on the ball & made the entire process so quick & easy!  I would definitely recommend them! ', 'author': 'Lisa', 'star_rating': '(5 of 5)', 'date_of_review': 'Reviewed in January 2022'}
2022-02-03 09:01:40 [scrapy] DEBUG: Crawled (200) <GET https://www.lendingtree.com/reviews/personal/first-midwest-bank/52903183?sort=&pid=6> (referer: https://www.lendingtree.com/reviews/personal/first-midwest-bank/52903183?sort=&pid=5)
2022-02-03 09:01:40 [scrapy] DEBUG: Scraped from <200 https://www.lendingtree.com/reviews/personal/first-midwest-bank/52903183?sort=&pid=6>
{'title': 'Great experience!!!', 'content': 'The process was smooth and quick, I’m happy I chose this company I could recommend the to my family and friends!!!!', 'author': 'Rafael', 'star_rating': '(5 of 5)', 'date_of_review': 'Reviewed in January 2022'}
2022-02-03 09:01:40 [scrapy] DEBUG: Scraped from <200 https://www.lendingtree.com/reviews/personal/first-midwest-bank/52903183?sort=&pid=6>
{'title': 'Great Experience ', 'content': 'I had a very good experience with First Midwest Bank! Everyone was a joy to work with and great rates!', 'author': 'Brenda', 'star_rating': '(5 of 5)', 'date_of_review': 'Reviewed in January 2022'}
2022-02-03 09:01:40 [scrapy] DEBUG: Scraped from <200 https://www.lendingtree.com/reviews/personal/first-midwest-bank/52903183?sort=&pid=6>
{'title': 'It was a very good experience - MJ is awesome!', 'content': 'The process was very easy - everything was done on-line with very simple, clear instructions. The entire process was completed within 24 hours - and the rates they offered were better than others i shopped with. MJ is awesome! ', 'author': 'Venkata', 'star_rating': '(5 of 5)', 'date_of_review': 'Reviewed in January 2022'}
2022-02-03 09:01:40 [scrapy] DEBUG: Scraped from <200 https://www.lendingtree.com/reviews/personal/first-midwest-bank/52903183?sort=&pid=6>
{'title': 'Great', 'content': 'Professional!!!!!!!!!!!!!!!!!!!!!!!!!!!!!!!!!!!!!!!!!!!!!!!!!!!!!!!!!!!!!!!!!!!!!!!!!!!!!!!!!!!!!!!!!!!!!!!!!!!!!!!!!!!!!!!!!', 'author': 'Kevin', 'star_rating': '(5 of 5)', 'date_of_review': 'Reviewed in January 2022'}
2022-02-03 09:01:40 [scrapy] DEBUG: Scraped from <200 https://www.lendingtree.com/reviews/personal/first-midwest-bank/52903183?sort=&pid=6>
{'title': 'It was a very good experience', 'content': 'I was very apprehensive about applying for a loan online for the first time but First Midwest Bank made it very easy and simple for a person that struggles with technology. very satisfied  ', 'author': 'Matthew', 'star_rating': '(5 of 5)', 'date_of_review': 'Reviewed in January 2022'}
2022-02-03 09:01:40 [scrapy] DEBUG: Scraped from <200 https://www.lendingtree.com/reviews/personal/first-midwest-bank/52903183?sort=&pid=6>
{'title': 'Seamless experience very grateful', 'content': 'I am very pleased with the whole process. Cassie was exceptional with helping me through the', 'author': 'Roald', 'star_rating': '(5 of 5)', 'date_of_review': 'Reviewed in January 2022'}
2022-02-03 09:01:40 [scrapy] DEBUG: Scraped from <200 https://www.lendingtree.com/reviews/personal/first-midwest-bank/52903183?sort=&pid=6>
{'title': 'Fast, easy, and the best rates available', 'content': 'The process was very easy - everything was done on-line with very simple, clear instructions. The entire process was completed within 24 hours - and the rates they offered were easily better than everyone else.', 'author': 'Tim', 'star_rating': '(5 of 5)', 'date_of_review': 'Reviewed in January 2022'}
2022-02-03 09:01:40 [scrapy] DEBUG: Scraped from <200 https://www.lendingtree.com/reviews/personal/first-midwest-bank/52903183?sort=&pid=6>
{'title': 'Great place', 'content': 'The service was great and very fast. Bellen was very helpful and pleasant to work with. Good rates ! I would use them again.', 'author': 'Terry', 'star_rating': '(5 of 5)', 'date_of_review': 'Reviewed in January 2022'}
2022-02-03 09:01:40 [scrapy] DEBUG: Scraped from <200 https://www.lendingtree.com/reviews/personal/first-midwest-bank/52903183?sort=&pid=6>
{'title': 'Great process!', 'content': 'The entire contact was effortless.  I was able to secure a loan quickly.  Christine at First Midwest Bank was knowledgeable and personable.  She kept me updated as each step in the process occurred.  ', 'author': 'Joan', 'star_rating': '(5 of 5)', 'date_of_review': 'Reviewed in January 2022'}
2022-02-03 09:01:40 [scrapy] DEBUG: Scraped from <200 https://www.lendingtree.com/reviews/personal/first-midwest-bank/52903183?sort=&pid=6>
{'title': 'Great customer service', 'content': 'I received great customer service from MJ. Step by step through the process and always available when I had questions. Thank you!! ', 'author': 'JARED', 'star_rating': '(5 of 5)', 'date_of_review': 'Reviewed in January 2022'}
2022-02-03 09:01:42 [scrapy] DEBUG: Crawled (200) <GET https://www.lendingtree.com/reviews/personal/first-midwest-bank/52903183?sort=&pid=7> (referer: https://www.lendingtree.com/reviews/personal/first-midwest-bank/52903183?sort=&pid=6)
2022-02-03 09:01:42 [scrapy] DEBUG: Scraped from <200 https://www.lendingtree.com/reviews/personal/first-midwest-bank/52903183?sort=&pid=7>
{'title': 'Great experience', 'content': 'Carmen was very helpful and was attentive throughout the entire process. Easy and efficient! Thanks a lot', 'author': 'Taylor', 'star_rating': '(5 of 5)', 'date_of_review': 'Reviewed in January 2022'}
2022-02-03 09:01:42 [scrapy] DEBUG: Scraped from <200 https://www.lendingtree.com/reviews/personal/first-midwest-bank/52903183?sort=&pid=7>
{'title': 'Fast and easy with help when needed,', 'content': 'I was pleasantly surprised at how easily the entire process was. Help was there quickly when I had any questions or needed assistance in filling out any forms.', 'author': 'Bud', 'star_rating': '(5 of 5)', 'date_of_review': 'Reviewed in January 2022'}
2022-02-03 09:01:42 [scrapy] DEBUG: Scraped from <200 https://www.lendingtree.com/reviews/personal/first-midwest-bank/52903183?sort=&pid=7>
{'title': 'Best Rate', 'content': 'Patrick was excellent to work with and FWB had the best terms hands down. Very quick turn around.', 'author': 'Mike', 'star_rating': '(5 of 5)', 'date_of_review': 'Reviewed in January 2022'}
2022-02-03 09:01:42 [scrapy] DEBUG: Scraped from <200 https://www.lendingtree.com/reviews/personal/first-midwest-bank/52903183?sort=&pid=7>
{'title': 'very good experience', 'content': 'The process was quick and easy, this was by far the easiest loan I have experienced....I highly recommend First Midwest Bank!!', 'author': 'Holly', 'star_rating': '(5 of 5)', 'date_of_review': 'Reviewed in January 2022'}
2022-02-03 09:01:42 [scrapy] DEBUG: Scraped from <200 https://www.lendingtree.com/reviews/personal/first-midwest-bank/52903183?sort=&pid=7>
{'title': 'Carmen Gonzalez = very patient and helpful', 'content': 'Carmen was an amazing help. She was very patient answering any questions I had about the process (I had A LOT of questions) and was also very prompt with her responses. 5,000 stars', 'author': 'Nolan', 'star_rating': '(5 of 5)', 'date_of_review': 'Reviewed in January 2022'}
2022-02-03 09:01:42 [scrapy] DEBUG: Scraped from <200 https://www.lendingtree.com/reviews/personal/first-midwest-bank/52903183?sort=&pid=7>
{'title': 'Best easy experience ever!', 'content': 'The process was quick, easy, and very helpful on getting all information together and sent in.. kept us informed and fast to respond..', 'author': 'Jason', 'star_rating': '(5 of 5)', 'date_of_review': 'Reviewed in January 2022'}
2022-02-03 09:01:42 [scrapy] DEBUG: Scraped from <200 https://www.lendingtree.com/reviews/personal/first-midwest-bank/52903183?sort=&pid=7>
{'title': 'Good experience ', 'content': 'Downloads did not work for both borrowers. Had to email all requested documents. Now adding extra words.  This review text required 100 characters? Strange?', 'author': 'Bob', 'star_rating': '(4 of 5)', 'date_of_review': 'Reviewed in January 2022'}
2022-02-03 09:01:42 [scrapy] DEBUG: Scraped from <200 https://www.lendingtree.com/reviews/personal/first-midwest-bank/52903183?sort=&pid=7>
{'title': 'Awesome experience', 'content': 'This bank was easy to work with and kept me informed of the process every step of the way. It was easy to enter my information and upload documents. I would definitely recommend.', 'author': 'Elizabeth', 'star_rating': '(5 of 5)', 'date_of_review': 'Reviewed in January 2022'}
2022-02-03 09:01:42 [scrapy] DEBUG: Scraped from <200 https://www.lendingtree.com/reviews/personal/first-midwest-bank/52903183?sort=&pid=7>
{'title': 'Super fast, super easy.', 'content': 'The process was so easy. All financial processes should be this smooth.  Everyone I dealt with was helpful and customer focused. A .', 'author': 'Debbie', 'star_rating': '(5 of 5)', 'date_of_review': 'Reviewed in January 2022'}
2022-02-03 09:01:42 [scrapy] DEBUG: Scraped from <200 https://www.lendingtree.com/reviews/personal/first-midwest-bank/52903183?sort=&pid=7>
{'title': 'Great experience ', 'content': 'This was my first time looking for a loan through Lending Tree and I am so glad to have been able to be linked to First Midwest Bank.  The representative there was fast and efficient in helping set up a loan and made the whole process pain free.  ', 'author': 'Melissa', 'star_rating': '(5 of 5)', 'date_of_review': 'Reviewed in January 2022'}
2022-02-03 09:01:44 [scrapy] DEBUG: Crawled (200) <GET https://www.lendingtree.com/reviews/personal/first-midwest-bank/52903183?sort=&pid=8> (referer: https://www.lendingtree.com/reviews/personal/first-midwest-bank/52903183?sort=&pid=7)
2022-02-03 09:01:44 [scrapy] DEBUG: Scraped from <200 https://www.lendingtree.com/reviews/personal/first-midwest-bank/52903183?sort=&pid=8>
{'title': 'Great experience ', 'content': 'They made it very easy for me to get a loan and found the right loan for my needs! Christine was very helpful during the process!', 'author': 'Wes', 'star_rating': '(5 of 5)', 'date_of_review': 'Reviewed in January 2022'}
2022-02-03 09:01:44 [scrapy] DEBUG: Scraped from <200 https://www.lendingtree.com/reviews/personal/first-midwest-bank/52903183?sort=&pid=8>
{'title': 'It was a excellent experience.', 'content': 'The process was easy and quick. The person who handled my loan was police and courteous. I got the loan I wanted and could easily pay for.', 'author': 'Michael', 'star_rating': '(5 of 5)', 'date_of_review': 'Reviewed in January 2022'}
2022-02-03 09:01:44 [scrapy] DEBUG: Scraped from <200 https://www.lendingtree.com/reviews/personal/first-midwest-bank/52903183?sort=&pid=8>
{'title': 'Personal Loan ', 'content': 'Very professional, courteous, and knowledgeable. I was very happy with Christina Ruiz’s overall professionalism.', 'author': 'Charles', 'star_rating': '(5 of 5)', 'date_of_review': 'Reviewed in January 2022'}
2022-02-03 09:01:44 [scrapy] DEBUG: Scraped from <200 https://www.lendingtree.com/reviews/personal/first-midwest-bank/52903183?sort=&pid=8>
{'title': 'It was a great experience', 'content': 'It was a great experience Cassie was very nice She knew how to take care of a customer she did her job to the best of her ability', 'author': 'Gay', 'star_rating': '(5 of 5)', 'date_of_review': 'Reviewed in January 2022'}
2022-02-03 09:01:44 [scrapy] DEBUG: Scraped from <200 https://www.lendingtree.com/reviews/personal/first-midwest-bank/52903183?sort=&pid=8>
{'title': 'Great Experience from beginning to close!', 'content': 'Very easy process and helpful staff. Patrick was amazing to work with!  All my needs were addressed and very prompt.  ', 'author': 'Jennifer', 'star_rating': '(5 of 5)', 'date_of_review': 'Reviewed in January 2022'}
2022-02-03 09:01:44 [scrapy] DEBUG: Scraped from <200 https://www.lendingtree.com/reviews/personal/first-midwest-bank/52903183?sort=&pid=8>
{'title': 'Great experience ', 'content': 'Patrick was great from beginning to end. Patrick was knowledgeable and responsive. I would not change a thing. ', 'author': 'Greg', 'star_rating': '(5 of 5)', 'date_of_review': 'Reviewed in January 2022'}
2022-02-03 09:01:44 [scrapy] DEBUG: Scraped from <200 https://www.lendingtree.com/reviews/personal/first-midwest-bank/52903183?sort=&pid=8>
{'title': 'It was a great experience ', 'content': "They offered a low interest consolidation loan.  Carmen did a great job during the process and able to pay off several cards during this process.  I'm happy with the service from this company.", 'author': 'Brad', 'star_rating': '(5 of 5)', 'date_of_review': 'Reviewed in January 2022'}
2022-02-03 09:01:44 [scrapy] DEBUG: Scraped from <200 https://www.lendingtree.com/reviews/personal/first-midwest-bank/52903183?sort=&pid=8>
{'title': 'It was very helpful Holly was outstanding!', 'content': 'Very helpful kind knowledgeable Holly was the thing that sold me!!  Little complicated for those not so tech savvy. But I did it. Great experience!', 'author': 'Bobb', 'star_rating': '(5 of 5)', 'date_of_review': 'Reviewed in January 2022'}
2022-02-03 09:01:44 [scrapy] DEBUG: Scraped from <200 https://www.lendingtree.com/reviews/personal/first-midwest-bank/52903183?sort=&pid=8>
{'title': 'My experience was the most positive experience I have ever had in applying for and securing a loan .', 'content': 'Every one I talked to was extremely helpful and congenial. I was made to feel that I was valued and appreciated. ', 'author': 'John', 'star_rating': '(5 of 5)', 'date_of_review': 'Reviewed in January 2022'}
2022-02-03 09:01:44 [scrapy] DEBUG: Scraped from <200 https://www.lendingtree.com/reviews/personal/first-midwest-bank/52903183?sort=&pid=8>
{'title': 'Everything was great', 'content': 'The entire process was so quick, literally the push of a few buttons. Great rates and exactly what I needed. ', 'author': 'Maranda', 'star_rating': '(5 of 5)', 'date_of_review': 'Reviewed in January 2022'}
2022-02-03 09:01:46 [scrapy] DEBUG: Crawled (200) <GET https://www.lendingtree.com/reviews/personal/first-midwest-bank/52903183?sort=&pid=9> (referer: https://www.lendingtree.com/reviews/personal/first-midwest-bank/52903183?sort=&pid=8)
2022-02-03 09:01:46 [scrapy] DEBUG: Scraped from <200 https://www.lendingtree.com/reviews/personal/first-midwest-bank/52903183?sort=&pid=9>
{'title': 'Quick and painfree', 'content': 'I have used this bank in the past. They have always been efficient and have great, friendly communication.  Closed within a week!', 'author': 'Casey', 'star_rating': '(5 of 5)', 'date_of_review': 'Reviewed in January 2022'}
2022-02-03 09:01:46 [scrapy] DEBUG: Scraped from <200 https://www.lendingtree.com/reviews/personal/first-midwest-bank/52903183?sort=&pid=9>
{'title': 'Wow! Is it really that easy?', 'content': 'The rates were very competitive, the process was efficient and stress free. I was informed throughout the process and was impressed with the staff I was in contact with. I didnt have to wait on any correspondence. My agent was prompt and dependable.', 'author': 'Daren', 'star_rating': '(4 of 5)', 'date_of_review': 'Reviewed in January 2022'}
2022-02-03 09:01:46 [scrapy] DEBUG: Scraped from <200 https://www.lendingtree.com/reviews/personal/first-midwest-bank/52903183?sort=&pid=9>
{'title': 'Great experience', 'content': 'The process was easy and quick. It was handled with efficiency and care. Everything was explained to me. Signing and copying was easy. Money came sooner than I expected. Very happy with their services.', 'author': 'James', 'star_rating': '(5 of 5)', 'date_of_review': 'Reviewed in January 2022'}
2022-02-03 09:01:46 [scrapy] DEBUG: Scraped from <200 https://www.lendingtree.com/reviews/personal/first-midwest-bank/52903183?sort=&pid=9>
{'title': 'Quick wonderful experience', 'content': 'Everyone I encountered via email or phone was wonderful, accommodating and knowledgeable.  I would highly recommend them. ', 'author': 'Sharon', 'star_rating': '(5 of 5)', 'date_of_review': 'Reviewed in January 2022'}
2022-02-03 09:01:46 [scrapy] DEBUG: Scraped from <200 https://www.lendingtree.com/reviews/personal/first-midwest-bank/52903183?sort=&pid=9>
{'title': 'Great Experience ', 'content': 'This whole process was easy, fast and all around great customer service. The emails are very informative and  you know every step as it happens.', 'author': 'Amber', 'star_rating': '(5 of 5)', 'date_of_review': 'Reviewed in January 2022'}
2022-02-03 09:01:46 [scrapy] DEBUG: Scraped from <200 https://www.lendingtree.com/reviews/personal/first-midwest-bank/52903183?sort=&pid=9>
{'title': 'Very easy process', 'content': 'From start to finish the process was very easy. Marcella was very helpful when I had questions.  Very nice to communicate with.', 'author': 'marian', 'star_rating': '(5 of 5)', 'date_of_review': 'Reviewed in January 2022'}
2022-02-03 09:01:46 [scrapy] DEBUG: Scraped from <200 https://www.lendingtree.com/reviews/personal/first-midwest-bank/52903183?sort=&pid=9>
{'title': 'Fantastic Experience', 'content': 'My loan specialist (Chrissy) exceeded all of my expectations. She was patient with me, taking time to explain the entire process and answer any questions in a timely, professional manner. The rate I received is outstanding and I was able to accomplish my objective. I plan on using First Midwest Bank for my future financial needs', 'author': 'Anthony', 'star_rating': '(5 of 5)', 'date_of_review': 'Reviewed in January 2022'}
2022-02-03 09:01:46 [scrapy] DEBUG: Scraped from <200 https://www.lendingtree.com/reviews/personal/first-midwest-bank/52903183?sort=&pid=9>
{'title': 'Good experience', 'content': 'The Staff at First Midwest Bank made my loan experience easy and painless.  Reasonable loan rates and terms. I really appreciate the no early payoff term.', 'author': 'Marta', 'star_rating': '(4 of 5)', 'date_of_review': 'Reviewed in January 2022'}
2022-02-03 09:01:46 [scrapy] DEBUG: Scraped from <200 https://www.lendingtree.com/reviews/personal/first-midwest-bank/52903183?sort=&pid=9>
{'title': 'Great experience', 'content': 'Mrs.Navarette made this transaction super easy. It went fast and the rates were great. I would definitely recommend', 'author': 'Shirley', 'star_rating': '(5 of 5)', 'date_of_review': 'Reviewed in January 2022'}
2022-02-03 09:01:46 [scrapy] DEBUG: Scraped from <200 https://www.lendingtree.com/reviews/personal/first-midwest-bank/52903183?sort=&pid=9>
{'title': 'it was a pleasant experience  ', 'content': 'I was easy to do and the staff were extremely helpful when i had questions or didnt understand something  ', 'author': 'Les', 'star_rating': '(5 of 5)', 'date_of_review': 'Reviewed in January 2022'}
2022-02-03 09:01:49 [scrapy] DEBUG: Crawled (200) <GET https://www.lendingtree.com/reviews/personal/first-midwest-bank/52903183?sort=&pid=10> (referer: https://www.lendingtree.com/reviews/personal/first-midwest-bank/52903183?sort=&pid=9)
2022-02-03 09:01:49 [scrapy] DEBUG: Scraped from <200 https://www.lendingtree.com/reviews/personal/first-midwest-bank/52903183?sort=&pid=10>
{'title': 'Easy-peezy!', 'content': "Awesome loan experience that took only a couple of days to complete. This was BY FAR the LOWEST rate I've even gotten on ANY personal loan ever! ", 'author': 'Happy', 'star_rating': '(5 of 5)', 'date_of_review': 'Reviewed in January 2022'}
2022-02-03 09:01:49 [scrapy] DEBUG: Scraped from <200 https://www.lendingtree.com/reviews/personal/first-midwest-bank/52903183?sort=&pid=10>
{'title': 'Easy and great to work with', 'content': 'very easy, very pleased, rates were great, Im happy with there service and quick response, my agent was very pleasant.', 'author': 'Kevin', 'star_rating': '(5 of 5)', 'date_of_review': 'Reviewed in January 2022'}
2022-02-03 09:01:49 [scrapy] DEBUG: Scraped from <200 https://www.lendingtree.com/reviews/personal/first-midwest-bank/52903183?sort=&pid=10>
{'title': 'Great customer service ', 'content': 'First Midwest Bank did a great job serving me with a loan. Chrissy helped me with the loan process and was patient, and throughly communicated with me the process and where I was in the process. I will definitely use them again for my banking business financial needs. Gold Star!! ', 'author': 'David', 'star_rating': '(5 of 5)', 'date_of_review': 'Reviewed in January 2022'}
2022-02-03 09:01:49 [scrapy] DEBUG: Scraped from <200 https://www.lendingtree.com/reviews/personal/first-midwest-bank/52903183?sort=&pid=10>
{'title': 'Excellent service', 'content': 'I chose First Midwest Bank because after some research they had the best interest rate. The whole experience was quick and eff*******.Holy Holtam was wonderful. She kept me informed through the whole process and every thing she told me was spot on. I would highly recommend First Midwest Bank and Holly Holtam  for your borrowing needs.', 'author': 'William', 'star_rating': '(5 of 5)', 'date_of_review': 'Reviewed in January 2022'}
2022-02-03 09:01:49 [scrapy] DEBUG: Scraped from <200 https://www.lendingtree.com/reviews/personal/first-midwest-bank/52903183?sort=&pid=10>
{'title': 'Highly recommend ', 'content': 'My experience was great from start to finish. My loan officer and her colleagues were professional and responsive. I would highly recommend using this bank. ', 'author': 'Kelly', 'star_rating': '(5 of 5)', 'date_of_review': 'Reviewed in January 2022'}
2022-02-03 09:01:49 [scrapy] DEBUG: Scraped from <200 https://www.lendingtree.com/reviews/personal/first-midwest-bank/52903183?sort=&pid=10>
{'title': 'It was afantastic highly satisfying experience!', 'content': 'My loan specialist was aesome!  Very patient in guiding me through the process.  I would highly recommend First Midwest Bank to everyone!', 'author': 'Kevin', 'star_rating': '(5 of 5)', 'date_of_review': 'Reviewed in January 2022'}
2022-02-03 09:01:49 [scrapy] DEBUG: Scraped from <200 https://www.lendingtree.com/reviews/personal/first-midwest-bank/52903183?sort=&pid=10>
{'title': 'Quick and easy ', 'content': 'Easiest loan ive done and the fastest they was very helpful and answered any questions would recommend 10/10', 'author': 'Justin', 'star_rating': '(5 of 5)', 'date_of_review': 'Reviewed in January 2022'}
2022-02-03 09:01:49 [scrapy] DEBUG: Scraped from <200 https://www.lendingtree.com/reviews/personal/first-midwest-bank/52903183?sort=&pid=10>
{'title': 'Excellent experience and wonderful service.', 'content': 'Ms. Navarette was so helpful, courteous, prompt and she made the entire process simple and pleasant.', 'author': 'Anita', 'star_rating': '(5 of 5)', 'date_of_review': 'Reviewed in January 2022'}
2022-02-03 09:01:49 [scrapy] DEBUG: Scraped from <200 https://www.lendingtree.com/reviews/personal/first-midwest-bank/52903183?sort=&pid=10>
{'title': 'It was very good and professional. ', 'content': 'Everything went well, any questions I would have was taken care of right away. I could talk to anyone there and they knew what was going on, I really liked that.', 'author': 'David', 'star_rating': '(4 of 5)', 'date_of_review': 'Reviewed in January 2022'}
2022-02-03 09:01:49 [scrapy] DEBUG: Scraped from <200 https://www.lendingtree.com/reviews/personal/first-midwest-bank/52903183?sort=&pid=10>
{'title': 'Great experience with First Midwest Bank', 'content': 'We cannot say enough good things about Christine Ruiz with First Midwest Bank. She was available for questions, friendly and helpful. She kept us updated, so we understood the process from beginning to end. As far as the loan, the interest rate and terms were exactly what we were looking for. We would highly recommend this company, and specifically Christine Ruiz. ', 'author': 'SUNDAY', 'star_rating': '(5 of 5)', 'date_of_review': 'Reviewed in January 2022'}
2022-02-03 09:01:49 [scrapy] INFO: Closing spider (stop generating requests, only 10 requests allowed)
2022-02-03 09:01:49 [scrapy] INFO: Dumping Scrapy stats:
{'downloader/request_bytes': 229,
 'downloader/request_count': 1,
 'downloader/request_method_count/GET': 1,
 'downloader/response_bytes': 2331740,
 'downloader/response_count': 11,
 'downloader/response_status_count/200': 11,
 'elapsed_time_seconds': 21.227043,
 'finish_reason': 'stop generating requests, only 10 requests allowed',
 'finish_time': datetime.datetime(2022, 2, 3, 17, 1, 49, 167097),
 'httpcompression/response_bytes': 137,
 'httpcompression/response_count': 1,
 'item_scraped_count': 100,
 'log_count/DEBUG': 268,
 'log_count/INFO': 7,
 'memusage/max': 75579392,
 'memusage/startup': 75579392,
 'request_depth_max': 10,
 'response_received_count': 11,
 'robotstxt/request_count': 1,
 'robotstxt/response_count': 1,
 'robotstxt/response_status_count/200': 1,
 'scheduler/dequeued': 10,
 'scheduler/dequeued/memory': 10,
 'scheduler/enqueued': 11,
 'scheduler/enqueued/memory': 11,
 'start_time': datetime.datetime(2022, 2, 3, 17, 1, 27, 940054)}
2022-02-03 09:01:49 [scrapy] INFO: Spider closed (stop generating requests, only 10 requests allowed)
